  data.c
  lighting.c
  main.c
  menu.c
H:\dev\SDLPoP-1.23\src\menu.c(342,1): warning C4048: different array subscripts: 'const char (*)[0][20]' and 'const char (*)[3][20]'
H:\dev\SDLPoP-1.23\src\menu.c(343,1): warning C4048: different array subscripts: 'const char (*)[0][20]' and 'const char (*)[3][20]'
H:\dev\SDLPoP-1.23\src\menu.c(613,1): warning C4048: different array subscripts: 'const char (*)[0][20]' and 'const char (*)[32][20]'
H:\dev\SDLPoP-1.23\src\menu.c(622,1): warning C4048: different array subscripts: 'const char (*)[0][20]' and 'const char (*)[3][20]'
H:\dev\SDLPoP-1.23\src\menu.c(960,1): warning C4048: different array subscripts: 'const char (*)[0][20]' and 'const char (*)[2][20]'
H:\dev\SDLPoP-1.23\src\menu.c(962,1): warning C4048: different array subscripts: 'const char (*)[0][20]' and 'const char (*)[3][20]'
H:\dev\SDLPoP-1.23\src\menu.c(1459,4): warning C4996: 'strncpy': This function or variable may be unsafe. Consider using strncpy_s instead. To disable deprecation, use _CRT_SECURE_NO_WARNINGS. See online help for details.
H:\dev\SDLPoP-1.23\src\menu.c(1465,6): warning C4996: 'strncpy': This function or variable may be unsafe. Consider using strncpy_s instead. To disable deprecation, use _CRT_SECURE_NO_WARNINGS. See online help for details.
H:\dev\SDLPoP-1.23\src\menu.c(2216,12): warning C4146: unary minus operator applied to unsigned type, result still unsigned
  midi.c
H:\dev\SDLPoP-1.23\src\midi.c(492,19): warning C4244: '*=': conversion from 'float' to 'int', possible loss of data
H:\dev\SDLPoP-1.23\src\midi.c(545,27): warning C4244: '-=': conversion from 'int64_t' to 'int', possible loss of data
  opl3.c
  options.c
H:\dev\SDLPoP-1.23\src\options.c(59,7): warning C4996: 'fscanf': This function or variable may be unsafe. Consider using fscanf_s instead. To disable deprecation, use _CRT_SECURE_NO_WARNINGS. See online help for details.
H:\dev\SDLPoP-1.23\src\options.c(60,21): warning C4996: 'fscanf': This function or variable may be unsafe. Consider using fscanf_s instead. To disable deprecation, use _CRT_SECURE_NO_WARNINGS. See online help for details.
H:\dev\SDLPoP-1.23\src\options.c(69,7): warning C4996: 'fscanf': This function or variable may be unsafe. Consider using fscanf_s instead. To disable deprecation, use _CRT_SECURE_NO_WARNINGS. See online help for details.
H:\dev\SDLPoP-1.23\src\options.c(70,7): warning C4996: 'fscanf': This function or variable may be unsafe. Consider using fscanf_s instead. To disable deprecation, use _CRT_SECURE_NO_WARNINGS. See online help for details.
H:\dev\SDLPoP-1.23\src\options.c(81,1): warning C4048: different array subscripts: 'const char (*)[0][20]' and 'const char (*)[3][20]'
H:\dev\SDLPoP-1.23\src\options.c(82,1): warning C4048: different array subscripts: 'const char (*)[0][20]' and 'const char (*)[2][20]'
H:\dev\SDLPoP-1.23\src\options.c(86,1): warning C4048: different array subscripts: 'const char (*)[0][20]' and 'const char (*)[31][20]'
H:\dev\SDLPoP-1.23\src\options.c(95,1): warning C4048: different array subscripts: 'const char (*)[0][20]' and 'const char (*)[3][20]'
H:\dev\SDLPoP-1.23\src\options.c(96,1): warning C4048: different array subscripts: 'const char (*)[0][20]' and 'const char (*)[3][20]'
H:\dev\SDLPoP-1.23\src\options.c(98,1): warning C4048: different array subscripts: 'const char (*)[0][20]' and 'const char (*)[3][20]'
H:\dev\SDLPoP-1.23\src\options.c(205,5): warning C4996: 'strcpy': This function or variable may be unsafe. Consider using strcpy_s instead. To disable deprecation, use _CRT_SECURE_NO_WARNINGS. See online help for details.
H:\dev\SDLPoP-1.23\src\options.c(315,53): warning C4996: 'sscanf': This function or variable may be unsafe. Consider using sscanf_s instead. To disable deprecation, use _CRT_SECURE_NO_WARNINGS. See online help for details.
H:\dev\SDLPoP-1.23\src\options.c(407,48): warning C4996: 'sscanf': This function or variable may be unsafe. Consider using sscanf_s instead. To disable deprecation, use _CRT_SECURE_NO_WARNINGS. See online help for details.
H:\dev\SDLPoP-1.23\src\options.c(432,48): warning C4996: 'sscanf': This function or variable may be unsafe. Consider using sscanf_s instead. To disable deprecation, use _CRT_SECURE_NO_WARNINGS. See online help for details.
H:\dev\SDLPoP-1.23\src\options.c(550,26): warning C4996: 'fileno': The POSIX name for this item is deprecated. Instead, use the ISO C and C++ conformant name: _fileno. See online help for details.
H:\dev\SDLPoP-1.23\src\options.c(560,29): warning C4996: 'fileno': The POSIX name for this item is deprecated. Instead, use the ISO C and C++ conformant name: _fileno. See online help for details.
  replay.c
H:\dev\SDLPoP-1.23\src\replay.c(274,3): warning C4996: 'strncpy': This function or variable may be unsafe. Consider using strncpy_s instead. To disable deprecation, use _CRT_SECURE_NO_WARNINGS. See online help for details.
H:\dev\SDLPoP-1.23\src\replay.c(312,4): warning C4996: 'strncpy': This function or variable may be unsafe. Consider using strncpy_s instead. To disable deprecation, use _CRT_SECURE_NO_WARNINGS. See online help for details.
  screenshot.c
  seg000.c
C:\Program Files (x86)\Windows Kits\10\Include\10.0.22621.0\ucrt\corecrt_math_defines.h(28,9): warning C4005: 'M_PI': macro redefinition
  (compiling source file 'src/seg000.c')
      H:\dev\SDLPoP-1.23\packages\sdl2.nuget.2.30.8\build\native\include\SDL_stdinc.h(623,9):
      see previous definition of 'M_PI'
  
H:\dev\SDLPoP-1.23\src\seg000.c(1814,41): warning C4244: '=': conversion from 'double' to 'word', possible loss of data
H:\dev\SDLPoP-1.23\src\seg000.c(1850,59): warning C4244: '=': conversion from 'word' to 'byte', possible loss of data
  seg001.c
H:\dev\SDLPoP-1.23\src\seg001.c(508,106): warning C4244: 'function': conversion from 'short' to 'sbyte', possible loss of data
H:\dev\SDLPoP-1.23\src\seg001.c(508,142): warning C4244: 'function': conversion from 'short' to 'sbyte', possible loss of data
H:\dev\SDLPoP-1.23\src\seg001.c(577,16): warning C4113: 'void (__cdecl *)()' differs in parameter lists from 'void (__cdecl *)(void)'
H:\dev\SDLPoP-1.23\src\seg001.c(648,17): warning C4113: 'void (__cdecl *)()' differs in parameter lists from 'void (__cdecl *)(void)'
  seg002.c
H:\dev\SDLPoP-1.23\src\seg002.c(73,16): warning C4244: '=': conversion from 'word' to 'byte', possible loss of data
H:\dev\SDLPoP-1.23\src\seg002.c(84,15): warning C4244: '=': conversion from 'word' to 'byte', possible loss of data
H:\dev\SDLPoP-1.23\src\seg002.c(96,15): warning C4244: '=': conversion from 'word' to 'byte', possible loss of data
H:\dev\SDLPoP-1.23\src\seg002.c(176,14): warning C4244: '=': conversion from 'word' to 'byte', possible loss of data
H:\dev\SDLPoP-1.23\src\seg002.c(178,17): warning C4244: '=': conversion from 'const short' to 'byte', possible loss of data
H:\dev\SDLPoP-1.23\src\seg002.c(289,37): warning C4244: '=': conversion from 'word' to 'byte', possible loss of data
H:\dev\SDLPoP-1.23\src\seg002.c(293,44): warning C4244: '=': conversion from 'word' to 'byte', possible loss of data
H:\dev\SDLPoP-1.23\src\seg002.c(942,19): warning C4244: '=': conversion from 'const short' to 'byte', possible loss of data
H:\dev\SDLPoP-1.23\src\seg002.c(956,18): warning C4244: '=': conversion from 'const short' to 'byte', possible loss of data
H:\dev\SDLPoP-1.23\src\seg002.c(1061,16): warning C4244: '=': conversion from 'word' to 'byte', possible loss of data
H:\dev\SDLPoP-1.23\src\seg002.c(1063,19): warning C4244: '=': conversion from 'const short' to 'byte', possible loss of data
  seg003.c
H:\dev\SDLPoP-1.23\src\seg003.c(183,17): warning C4244: '=': conversion from 'const short' to 'byte', possible loss of data
H:\dev\SDLPoP-1.23\src\seg003.c(652,19): warning C4244: '=': conversion from 'const short' to 'byte', possible loss of data
H:\dev\SDLPoP-1.23\src\seg003.c(755,17): warning C4244: '=': conversion from 'const short' to 'byte', possible loss of data
  seg004.c
H:\dev\SDLPoP-1.23\src\seg004.c(62,29): warning C4244: '=': conversion from 'short' to 'sbyte', possible loss of data
H:\dev\SDLPoP-1.23\src\seg004.c(69,30): warning C4244: '=': conversion from 'short' to 'sbyte', possible loss of data
H:\dev\SDLPoP-1.23\src\seg004.c(125,33): warning C4244: '=': conversion from 'short' to 'sbyte', possible loss of data
H:\dev\SDLPoP-1.23\src\seg004.c(316,18): warning C4244: '=': conversion from 'const short' to 'byte', possible loss of data
H:\dev\SDLPoP-1.23\src\seg004.c(478,18): warning C4244: '=': conversion from 'const short' to 'byte', possible loss of data
  seg005.c
H:\dev\SDLPoP-1.23\src\seg005.c(124,17): warning C4244: '=': conversion from 'const short' to 'byte', possible loss of data
H:\dev\SDLPoP-1.23\src\seg005.c(223,17): warning C4244: '=': conversion from 'const short' to 'byte', possible loss of data
H:\dev\SDLPoP-1.23\src\seg005.c(755,23): warning C4244: '=': conversion from 'short' to 'byte', possible loss of data
H:\dev\SDLPoP-1.23\src\seg005.c(756,22): warning C4244: '=': conversion from 'short' to 'sbyte', possible loss of data
H:\dev\SDLPoP-1.23\src\seg005.c(757,22): warning C4244: '=': conversion from 'short' to 'sbyte', possible loss of data
H:\dev\SDLPoP-1.23\src\seg005.c(1131,18): warning C4244: '=': conversion from 'const short' to 'byte', possible loss of data
H:\dev\SDLPoP-1.23\src\seg005.c(1152,18): warning C4244: '=': conversion from 'const short' to 'byte', possible loss of data
  seg006.c
H:\dev\SDLPoP-1.23\src\seg006.c(1087,15): warning C4244: '=': conversion from 'short' to 'byte', possible loss of data
H:\dev\SDLPoP-1.23\src\seg006.c(1188,13): warning C4244: '=': conversion from 'word' to 'byte', possible loss of data
H:\dev\SDLPoP-1.23\src\seg006.c(1195,19): warning C4244: '=': conversion from 'const short' to 'byte', possible loss of data
H:\dev\SDLPoP-1.23\src\seg006.c(1246,28): warning C4244: '=': conversion from 'const short' to 'byte', possible loss of data
  seg007.c
H:\dev\SDLPoP-1.23\src\seg007.c(245,19): warning C4244: '=': conversion from 'short' to 'byte', possible loss of data
H:\dev\SDLPoP-1.23\src\seg007.c(353,20): warning C4244: '=': conversion from 'short' to 'byte', possible loss of data
H:\dev\SDLPoP-1.23\src\seg007.c(555,27): warning C4244: '=': conversion from 'short' to 'sbyte', possible loss of data
H:\dev\SDLPoP-1.23\src\seg007.c(562,29): warning C4244: '=': conversion from 'word' to 'byte', possible loss of data
H:\dev\SDLPoP-1.23\src\seg007.c(563,11): warning C4244: 'function': conversion from 'short' to 'byte', possible loss of data
H:\dev\SDLPoP-1.23\src\seg007.c(563,17): warning C4244: 'function': conversion from 'short' to 'byte', possible loss of data
H:\dev\SDLPoP-1.23\src\seg007.c(570,11): warning C4244: 'function': conversion from 'short' to 'byte', possible loss of data
H:\dev\SDLPoP-1.23\src\seg007.c(570,17): warning C4244: 'function': conversion from 'short' to 'byte', possible loss of data
H:\dev\SDLPoP-1.23\src\seg007.c(576,11): warning C4244: 'function': conversion from 'short' to 'byte', possible loss of data
H:\dev\SDLPoP-1.23\src\seg007.c(576,17): warning C4244: 'function': conversion from 'short' to 'byte', possible loss of data
H:\dev\SDLPoP-1.23\src\seg007.c(584,12): warning C4244: 'function': conversion from 'short' to 'byte', possible loss of data
H:\dev\SDLPoP-1.23\src\seg007.c(584,18): warning C4244: 'function': conversion from 'short' to 'byte', possible loss of data
H:\dev\SDLPoP-1.23\src\seg007.c(593,13): warning C4244: 'function': conversion from 'short' to 'byte', possible loss of data
H:\dev\SDLPoP-1.23\src\seg007.c(593,19): warning C4244: 'function': conversion from 'short' to 'byte', possible loss of data
H:\dev\SDLPoP-1.23\src\seg007.c(660,20): warning C4244: '=': conversion from 'short' to 'sbyte', possible loss of data
H:\dev\SDLPoP-1.23\src\seg007.c(662,13): warning C4244: 'function': conversion from 'word' to 'byte', possible loss of data
H:\dev\SDLPoP-1.23\src\seg007.c(662,19): warning C4244: 'function': conversion from 'word' to 'byte', possible loss of data
H:\dev\SDLPoP-1.23\src\seg007.c(757,13): warning C4244: 'function': conversion from 'short' to 'byte', possible loss of data
H:\dev\SDLPoP-1.23\src\seg007.c(752,21): warning C4244: 'initializing': conversion from 'short' to 'sbyte', possible loss of data
H:\dev\SDLPoP-1.23\src\seg007.c(786,37): warning C4244: 'function': conversion from 'word' to 'byte', possible loss of data
H:\dev\SDLPoP-1.23\src\seg007.c(797,11): warning C4244: 'function': conversion from 'short' to 'byte', possible loss of data
H:\dev\SDLPoP-1.23\src\seg007.c(797,17): warning C4244: 'function': conversion from 'short' to 'byte', possible loss of data
H:\dev\SDLPoP-1.23\src\seg007.c(843,44): warning C4244: '=': conversion from 'const word' to 'byte', possible loss of data
H:\dev\SDLPoP-1.23\src\seg007.c(844,35): warning C4244: '=': conversion from 'word' to 'byte', possible loss of data
H:\dev\SDLPoP-1.23\src\seg007.c(847,34): warning C4244: '=': conversion from 'word' to 'byte', possible loss of data
H:\dev\SDLPoP-1.23\src\seg007.c(902,13): warning C4244: 'function': conversion from 'short' to 'byte', possible loss of data
H:\dev\SDLPoP-1.23\src\seg007.c(920,35): warning C4244: 'function': conversion from 'short' to 'byte', possible loss of data
H:\dev\SDLPoP-1.23\src\seg007.c(942,12): warning C4244: 'function': conversion from 'short' to 'byte', possible loss of data
H:\dev\SDLPoP-1.23\src\seg007.c(1034,25): warning C4244: '=': conversion from 'const short' to 'byte', possible loss of data
H:\dev\SDLPoP-1.23\src\seg007.c(1206,18): warning C4244: '=': conversion from 'const short' to 'byte', possible loss of data
  seg008.c
H:\dev\SDLPoP-1.23\src\seg008.c(211,31): warning C4244: 'function': conversion from 'short' to 'byte', possible loss of data
H:\dev\SDLPoP-1.23\src\seg008.c(353,81): warning C4244: 'function': conversion from 'word' to 'byte', possible loss of data
H:\dev\SDLPoP-1.23\src\seg008.c(354,85): warning C4244: 'function': conversion from 'word' to 'byte', possible loss of data
H:\dev\SDLPoP-1.23\src\seg008.c(396,65): warning C4244: 'function': conversion from 'word' to 'sbyte', possible loss of data
H:\dev\SDLPoP-1.23\src\seg008.c(414,96): warning C4244: 'function': conversion from 'word' to 'sbyte', possible loss of data
H:\dev\SDLPoP-1.23\src\seg008.c(416,48): warning C4244: 'function': conversion from 'word' to 'sbyte', possible loss of data
H:\dev\SDLPoP-1.23\src\seg008.c(430,45): warning C4244: 'function': conversion from 'word' to 'sbyte', possible loss of data
H:\dev\SDLPoP-1.23\src\seg008.c(443,63): warning C4244: 'function': conversion from 'word' to 'sbyte', possible loss of data
H:\dev\SDLPoP-1.23\src\seg008.c(446,75): warning C4244: 'function': conversion from 'word' to 'sbyte', possible loss of data
H:\dev\SDLPoP-1.23\src\seg008.c(483,47): warning C4244: 'function': conversion from 'word' to 'sbyte', possible loss of data
H:\dev\SDLPoP-1.23\src\seg008.c(486,76): warning C4244: 'function': conversion from 'word' to 'sbyte', possible loss of data
H:\dev\SDLPoP-1.23\src\seg008.c(489,63): warning C4244: 'function': conversion from 'word' to 'sbyte', possible loss of data
H:\dev\SDLPoP-1.23\src\seg008.c(494,73): warning C4244: 'function': conversion from 'word' to 'sbyte', possible loss of data
H:\dev\SDLPoP-1.23\src\seg008.c(497,58): warning C4244: 'function': conversion from 'word' to 'sbyte', possible loss of data
H:\dev\SDLPoP-1.23\src\seg008.c(501,63): warning C4244: 'function': conversion from 'word' to 'sbyte', possible loss of data
H:\dev\SDLPoP-1.23\src\seg008.c(506,75): warning C4244: 'function': conversion from 'word' to 'sbyte', possible loss of data
H:\dev\SDLPoP-1.23\src\seg008.c(512,49): warning C4244: 'function': conversion from 'word' to 'sbyte', possible loss of data
H:\dev\SDLPoP-1.23\src\seg008.c(533,93): warning C4244: 'function': conversion from 'word' to 'sbyte', possible loss of data
H:\dev\SDLPoP-1.23\src\seg008.c(539,92): warning C4244: 'function': conversion from 'word' to 'sbyte', possible loss of data
H:\dev\SDLPoP-1.23\src\seg008.c(588,34): warning C4244: 'function': conversion from 'word' to 'sbyte', possible loss of data
H:\dev\SDLPoP-1.23\src\seg008.c(589,31): warning C4244: 'function': conversion from 'word' to 'sbyte', possible loss of data
H:\dev\SDLPoP-1.23\src\seg008.c(603,45): warning C4244: 'function': conversion from 'word' to 'sbyte', possible loss of data
H:\dev\SDLPoP-1.23\src\seg008.c(604,45): warning C4244: 'function': conversion from 'word' to 'sbyte', possible loss of data
H:\dev\SDLPoP-1.23\src\seg008.c(633,44): warning C4244: 'function': conversion from 'word' to 'sbyte', possible loss of data
H:\dev\SDLPoP-1.23\src\seg008.c(650,92): warning C4244: 'function': conversion from 'word' to 'sbyte', possible loss of data
H:\dev\SDLPoP-1.23\src\seg008.c(672,73): warning C4244: 'function': conversion from 'word' to 'sbyte', possible loss of data
H:\dev\SDLPoP-1.23\src\seg008.c(676,73): warning C4244: 'function': conversion from 'word' to 'sbyte', possible loss of data
H:\dev\SDLPoP-1.23\src\seg008.c(680,73): warning C4244: 'function': conversion from 'word' to 'sbyte', possible loss of data
H:\dev\SDLPoP-1.23\src\seg008.c(701,92): warning C4244: 'function': conversion from 'word' to 'sbyte', possible loss of data
H:\dev\SDLPoP-1.23\src\seg008.c(705,73): warning C4244: 'function': conversion from 'word' to 'sbyte', possible loss of data
H:\dev\SDLPoP-1.23\src\seg008.c(712,85): warning C4244: 'function': conversion from 'word' to 'sbyte', possible loss of data
H:\dev\SDLPoP-1.23\src\seg008.c(726,74): warning C4244: 'function': conversion from 'word' to 'sbyte', possible loss of data
H:\dev\SDLPoP-1.23\src\seg008.c(731,46): warning C4244: 'function': conversion from 'word' to 'sbyte', possible loss of data
H:\dev\SDLPoP-1.23\src\seg008.c(803,29): warning C4244: '=': conversion from 'short' to 'byte', possible loss of data
H:\dev\SDLPoP-1.23\src\seg008.c(829,29): warning C4244: '=': conversion from 'short' to 'byte', possible loss of data
H:\dev\SDLPoP-1.23\src\seg008.c(857,28): warning C4244: '=': conversion from 'short' to 'byte', possible loss of data
H:\dev\SDLPoP-1.23\src\seg008.c(1113,68): warning C4244: 'function': conversion from 'word' to 'sbyte', possible loss of data
H:\dev\SDLPoP-1.23\src\seg008.c(1117,76): warning C4244: 'function': conversion from 'word' to 'sbyte', possible loss of data
H:\dev\SDLPoP-1.23\src\seg008.c(1130,61): warning C4244: 'function': conversion from 'word' to 'sbyte', possible loss of data
H:\dev\SDLPoP-1.23\src\seg008.c(1135,65): warning C4244: 'function': conversion from 'word' to 'sbyte', possible loss of data
H:\dev\SDLPoP-1.23\src\seg008.c(1140,70): warning C4244: 'function': conversion from 'word' to 'sbyte', possible loss of data
H:\dev\SDLPoP-1.23\src\seg008.c(1147,60): warning C4244: 'function': conversion from 'word' to 'sbyte', possible loss of data
H:\dev\SDLPoP-1.23\src\seg008.c(1151,65): warning C4244: 'function': conversion from 'word' to 'sbyte', possible loss of data
H:\dev\SDLPoP-1.23\src\seg008.c(1477,78): warning C4244: 'function': conversion from 'word' to 'sbyte', possible loss of data
H:\dev\SDLPoP-1.23\src\seg008.c(1611,17): warning C4244: '=': conversion from 'short' to 'byte', possible loss of data
H:\dev\SDLPoP-1.23\src\seg008.c(1613,18): warning C4244: '=': conversion from 'short' to 'byte', possible loss of data
H:\dev\SDLPoP-1.23\src\seg008.c(1692,15): warning C4244: 'function': conversion from 'word' to 'byte', possible loss of data
H:\dev\SDLPoP-1.23\src\seg008.c(1789,6): warning C4996: 'strncpy': This function or variable may be unsafe. Consider using strncpy_s instead. To disable deprecation, use _CRT_SECURE_NO_WARNINGS. See online help for details.
H:\dev\SDLPoP-1.23\src\seg008.c(1831,20): warning C4244: 'initializing': conversion from 'word' to 'byte', possible loss of data
H:\dev\SDLPoP-1.23\src\seg008.c(1952,63): warning C4244: 'function': conversion from 'word' to 'sbyte', possible loss of data
H:\dev\SDLPoP-1.23\src\seg008.c(1953,63): warning C4244: 'function': conversion from 'word' to 'sbyte', possible loss of data
H:\dev\SDLPoP-1.23\src\seg008.c(1954,63): warning C4244: 'function': conversion from 'word' to 'sbyte', possible loss of data
H:\dev\SDLPoP-1.23\src\seg008.c(1957,62): warning C4244: 'function': conversion from 'word' to 'sbyte', possible loss of data
H:\dev\SDLPoP-1.23\src\seg008.c(1960,27): warning C4244: '=': conversion from 'word' to 'byte', possible loss of data
H:\dev\SDLPoP-1.23\src\seg008.c(1964,27): warning C4244: '=': conversion from 'word' to 'byte', possible loss of data
H:\dev\SDLPoP-1.23\src\seg008.c(1973,51): warning C4244: 'function': conversion from 'word' to 'sbyte', possible loss of data
H:\dev\SDLPoP-1.23\src\seg008.c(1977,66): warning C4244: 'function': conversion from 'word' to 'sbyte', possible loss of data
H:\dev\SDLPoP-1.23\src\seg008.c(2001,51): warning C4244: 'function': conversion from 'word' to 'sbyte', possible loss of data
H:\dev\SDLPoP-1.23\src\seg008.c(2018,66): warning C4244: 'function': conversion from 'word' to 'sbyte', possible loss of data
H:\dev\SDLPoP-1.23\src\seg008.c(2048,91): warning C4244: 'function': conversion from 'word' to 'sbyte', possible loss of data
H:\dev\SDLPoP-1.23\src\seg008.c(2062,68): warning C4244: 'function': conversion from 'word' to 'sbyte', possible loss of data
  seg009.c
H:\dev\SDLPoP-1.23\src\seg009.c(115,38): warning C4133: 'function': incompatible types - from 'stat *' to '_stat64i32 *'
H:\dev\SDLPoP-1.23\src\seg009.c(408,3): warning C4996: 'strncpy': This function or variable may be unsafe. Consider using strncpy_s instead. To disable deprecation, use _CRT_SECURE_NO_WARNINGS. See online help for details.
H:\dev\SDLPoP-1.23\src\seg009.c(1233,131): warning C4244: 'function': conversion from 'short' to 'byte', possible loss of data
H:\dev\SDLPoP-1.23\src\seg009.c(1561,3): warning C4996: 'strcpy': This function or variable may be unsafe. Consider using strcpy_s instead. To disable deprecation, use _CRT_SECURE_NO_WARNINGS. See online help for details.
H:\dev\SDLPoP-1.23\src\seg009.c(1559,22): warning C4267: 'initializing': conversion from 'size_t' to 'short', possible loss of data
H:\dev\SDLPoP-1.23\src\seg009.c(2131,7): warning C4996: 'fscanf': This function or variable may be unsafe. Consider using fscanf_s instead. To disable deprecation, use _CRT_SECURE_NO_WARNINGS. See online help for details.
H:\dev\SDLPoP-1.23\src\seg009.c(2138,25): warning C4996: 'strdup': The POSIX name for this item is deprecated. Instead, use the ISO C and C++ conformant name: _strdup. See online help for details.
H:\dev\SDLPoP-1.23\src\seg009.c(2181,15): warning C4996: 'fileno': The POSIX name for this item is deprecated. Instead, use the ISO C and C++ conformant name: _fileno. See online help for details.
H:\dev\SDLPoP-1.23\src\seg009.c(2662,24): warning C4244: 'initializing': conversion from 'double' to 'int', possible loss of data
H:\dev\SDLPoP-1.23\src\seg009.c(2814,4): warning C4996: 'strncpy': This function or variable may be unsafe. Consider using strncpy_s instead. To disable deprecation, use _CRT_SECURE_NO_WARNINGS. See online help for details.
H:\dev\SDLPoP-1.23\src\seg009.c(2839,15): warning C4996: 'fileno': The POSIX name for this item is deprecated. Instead, use the ISO C and C++ conformant name: _fileno. See online help for details.
H:\dev\SDLPoP-1.23\src\seg009.c(2896,10): warning C4996: 'strerror': This function or variable may be unsafe. Consider using strerror_s instead. To disable deprecation, use _CRT_SECURE_NO_WARNINGS. See online help for details.
H:\dev\SDLPoP-1.23\src\seg009.c(2919,10): warning C4996: 'strerror': This function or variable may be unsafe. Consider using strerror_s instead. To disable deprecation, use _CRT_SECURE_NO_WARNINGS. See online help for details.
H:\dev\SDLPoP-1.23\src\seg009.c(3303,64): warning C4244: '=': conversion from 'double' to 'word', possible loss of data
  seqtbl.c
  Generating Code...
  Compiling...
  stb_vorbis.c
  Generating Code...
  SDLPoP.vcxproj -> H:\dev\SDLPoP-1.23\Release\SDLPoP.exe
