h:\dev\sdlpop-1.23\sdlpop\release\vc143.pdb
h:\dev\sdlpop-1.23\sdlpop\release\seqtbl.obj
h:\dev\sdlpop-1.23\sdlpop\release\seg009.obj
h:\dev\sdlpop-1.23\sdlpop\release\seg008.obj
h:\dev\sdlpop-1.23\sdlpop\release\seg007.obj
h:\dev\sdlpop-1.23\sdlpop\release\seg006.obj
h:\dev\sdlpop-1.23\sdlpop\release\seg005.obj
h:\dev\sdlpop-1.23\sdlpop\release\seg004.obj
h:\dev\sdlpop-1.23\sdlpop\release\seg003.obj
h:\dev\sdlpop-1.23\sdlpop\release\seg002.obj
h:\dev\sdlpop-1.23\sdlpop\release\seg001.obj
h:\dev\sdlpop-1.23\sdlpop\release\seg000.obj
h:\dev\sdlpop-1.23\sdlpop\release\screenshot.obj
h:\dev\sdlpop-1.23\sdlpop\release\replay.obj
h:\dev\sdlpop-1.23\sdlpop\release\options.obj
h:\dev\sdlpop-1.23\sdlpop\release\opl3.obj
h:\dev\sdlpop-1.23\sdlpop\release\midi.obj
h:\dev\sdlpop-1.23\sdlpop\release\menu.obj
h:\dev\sdlpop-1.23\sdlpop\release\main.obj
h:\dev\sdlpop-1.23\sdlpop\release\lighting.obj
h:\dev\sdlpop-1.23\sdlpop\release\data.obj
h:\dev\sdlpop-1.23\sdlpop\release\stb_vorbis.obj
h:\dev\sdlpop-1.23\release\sdlpop.exe
h:\dev\sdlpop-1.23\release\sdlpop.pdb
h:\dev\sdlpop-1.23\sdlpop\release\icon.res
h:\dev\sdlpop-1.23\sdlpop\release\sdlpop.tlog\cl.command.1.tlog
h:\dev\sdlpop-1.23\sdlpop\release\sdlpop.tlog\cl.items.tlog
h:\dev\sdlpop-1.23\sdlpop\release\sdlpop.tlog\cl.read.1.tlog
h:\dev\sdlpop-1.23\sdlpop\release\sdlpop.tlog\cl.write.1.tlog
h:\dev\sdlpop-1.23\sdlpop\release\sdlpop.tlog\link.command.1.tlog
h:\dev\sdlpop-1.23\sdlpop\release\sdlpop.tlog\link.read.1.tlog
h:\dev\sdlpop-1.23\sdlpop\release\sdlpop.tlog\link.secondary.1.tlog
h:\dev\sdlpop-1.23\sdlpop\release\sdlpop.tlog\link.write.1.tlog
h:\dev\sdlpop-1.23\sdlpop\release\sdlpop.tlog\rc.command.1.tlog
h:\dev\sdlpop-1.23\sdlpop\release\sdlpop.tlog\rc.read.1.tlog
h:\dev\sdlpop-1.23\sdlpop\release\sdlpop.tlog\rc.write.1.tlog
