h:\dev\sdlpop-1.23\sdlpop\x64\debug\vc143.pdb
h:\dev\sdlpop-1.23\sdlpop\x64\debug\vc143.idb
h:\dev\sdlpop-1.23\sdlpop\x64\debug\seqtbl.obj
h:\dev\sdlpop-1.23\sdlpop\x64\debug\seg009.obj
h:\dev\sdlpop-1.23\sdlpop\x64\debug\seg008.obj
h:\dev\sdlpop-1.23\sdlpop\x64\debug\seg007.obj
h:\dev\sdlpop-1.23\sdlpop\x64\debug\seg006.obj
h:\dev\sdlpop-1.23\sdlpop\x64\debug\seg005.obj
h:\dev\sdlpop-1.23\sdlpop\x64\debug\seg004.obj
h:\dev\sdlpop-1.23\sdlpop\x64\debug\seg003.obj
h:\dev\sdlpop-1.23\sdlpop\x64\debug\seg002.obj
h:\dev\sdlpop-1.23\sdlpop\x64\debug\seg001.obj
h:\dev\sdlpop-1.23\sdlpop\x64\debug\seg000.obj
h:\dev\sdlpop-1.23\sdlpop\x64\debug\screenshot.obj
h:\dev\sdlpop-1.23\sdlpop\x64\debug\replay.obj
h:\dev\sdlpop-1.23\sdlpop\x64\debug\options.obj
h:\dev\sdlpop-1.23\sdlpop\x64\debug\opl3.obj
h:\dev\sdlpop-1.23\sdlpop\x64\debug\midi.obj
h:\dev\sdlpop-1.23\sdlpop\x64\debug\menu.obj
h:\dev\sdlpop-1.23\sdlpop\x64\debug\main.obj
h:\dev\sdlpop-1.23\sdlpop\x64\debug\lighting.obj
h:\dev\sdlpop-1.23\sdlpop\x64\debug\data.obj
h:\dev\sdlpop-1.23\sdlpop\x64\debug\stb_vorbis.obj
h:\dev\sdlpop-1.23\sdlpop\x64\debug\icon.res
h:\dev\sdlpop-1.23\sdlpop\x64\debug\port_debug_private.res
h:\dev\sdlpop-1.23\x64\debug\sdlpop.pdb
h:\dev\sdlpop-1.23\sdlpop\x64\debug\sdlpop.tlog\cl.command.1.tlog
h:\dev\sdlpop-1.23\sdlpop\x64\debug\sdlpop.tlog\cl.read.1.tlog
h:\dev\sdlpop-1.23\sdlpop\x64\debug\sdlpop.tlog\cl.write.1.tlog
h:\dev\sdlpop-1.23\sdlpop\x64\debug\sdlpop.tlog\link-cvtres.read.1.tlog
h:\dev\sdlpop-1.23\sdlpop\x64\debug\sdlpop.tlog\link-rc.read.1.tlog
h:\dev\sdlpop-1.23\sdlpop\x64\debug\sdlpop.tlog\link-rc.write.1.tlog
h:\dev\sdlpop-1.23\sdlpop\x64\debug\sdlpop.tlog\link.command.1.tlog
h:\dev\sdlpop-1.23\sdlpop\x64\debug\sdlpop.tlog\link.read.1.tlog
h:\dev\sdlpop-1.23\sdlpop\x64\debug\sdlpop.tlog\link.read.2.tlog
h:\dev\sdlpop-1.23\sdlpop\x64\debug\sdlpop.tlog\link.write.1.tlog
h:\dev\sdlpop-1.23\sdlpop\x64\debug\sdlpop.tlog\rc.command.1.tlog
h:\dev\sdlpop-1.23\sdlpop\x64\debug\sdlpop.tlog\rc.read.1.tlog
h:\dev\sdlpop-1.23\sdlpop\x64\debug\sdlpop.tlog\rc.write.1.tlog
